1675865423 | 2023-02-08 15:10:23 | access to /twig
1675865708 | 2023-02-08 15:15:08 | access to /twig 
1675865732 | 2023-02-08 15:15:32 | access to /twig 
1675865734 | 2023-02-08 15:15:34 | access to /twig 
1675865751 | 2023-02-08 15:15:51 | access to /twig 
1675865752 | 2023-02-08 15:15:52 | access to /twig 
1675865752 | 2023-02-08 15:15:52 | access to /twig 
1675865753 | 2023-02-08 15:15:53 | access to /twig 
1675865831 | 2023-02-08 15:17:11 | access to /twig 
1675865882 | 2023-02-08 15:18:02 | access to /twig 
1675865914 | 2023-02-08 15:18:34 | access to /twig 
1675866038 | 2023-02-08 15:20:38 | access to /twig 
1675866095 | 2023-02-08 15:21:35 | access to /twig 
1675866123 | 2023-02-08 15:22:03 | access to / 
1675866511 | 2023-02-08 15:28:31 | access to /twig 
1675866515 | 2023-02-08 15:28:35 | access to /twig/8 
1675866520 | 2023-02-08 15:28:40 | access to /twig/%7Bid%7D 
1675866531 | 2023-02-08 15:28:51 | access to /twig/12 
1675866674 | 2023-02-08 15:31:14 | access to /twig/12 
1675866985 | 2023-02-08 15:36:25 | access to /twig/12 
1675867010 | 2023-02-08 15:36:50 | access to /twig/12 
1675867063 | 2023-02-08 15:37:43 | access to /twig/12 
1675867211 | 2023-02-08 15:40:11 | access to /twig/12 
1675867319 | 2023-02-08 15:41:59 | access to /twig/12 
1675867412 | 2023-02-08 15:43:32 | access to /twig/12 
1675867860 | 2023-02-08 15:51:00 | access to /twig/12 
1675867901 | 2023-02-08 15:51:41 | access to /twig/12 
1675867912 | 2023-02-08 15:51:52 | access to /twig/12 
1675867950 | 2023-02-08 15:52:30 | access to /twig/12 
1675867969 | 2023-02-08 15:52:49 | access to /twig/12 
1675867990 | 2023-02-08 15:53:10 | access to /twig/12 
1675868832 | 2023-02-08 16:07:12 | access to /twig/12 
1675868854 | 2023-02-08 16:07:34 | access to /twig/12 
1675868869 | 2023-02-08 16:07:49 | access to /twig/12 
1675868913 | 2023-02-08 16:08:33 | access to /twig/12 
1675868954 | 2023-02-08 16:09:14 | access to /twig/12 
1675868982 | 2023-02-08 16:09:42 | access to /twig/12 
1675869025 | 2023-02-08 16:10:25 | access to /twig/12 
1675869070 | 2023-02-08 16:11:10 | access to /twig/12 
1675869151 | 2023-02-08 16:12:31 | access to /twig/12 
1675869386 | 2023-02-08 16:16:26 | access to /twig/12 
1675869593 | 2023-02-08 16:19:53 | access to /twig/12 
1675869756 | 2023-02-08 16:22:36 | access to /twig/12 
1675870000 | 2023-02-08 16:26:40 | access to /twig/12 
1675870239 | 2023-02-08 16:30:39 | access to /twig/12 
1675870256 | 2023-02-08 16:30:56 | access to /twig/12 
1675870257 | 2023-02-08 16:30:57 | access to /twig/12 
1675870257 | 2023-02-08 16:30:57 | access to /twig/12 
1675870269 | 2023-02-08 16:31:09 | access to /twig/12 
1675870271 | 2023-02-08 16:31:11 | access to /twig/12 
1675870271 | 2023-02-08 16:31:11 | access to /twig/12 
1675870273 | 2023-02-08 16:31:13 | access to /twig/12 
1675870288 | 2023-02-08 16:31:28 | access to /twig/12 
1675870430 | 2023-02-08 16:33:50 | access to /twig/12 
1675870432 | 2023-02-08 16:33:52 | access to /twig/12 
1675870475 | 2023-02-08 16:34:35 | access to /twig/12 
1675870884 | 2023-02-08 16:41:24 | access to /twig/12 
1675871022 | 2023-02-08 16:43:42 | access to /twig/12 
1675871065 | 2023-02-08 16:44:25 | access to /twig/12 
1675871067 | 2023-02-08 16:44:27 | access to /twig/12 
1675871067 | 2023-02-08 16:44:27 | access to /twig/12 
1675871067 | 2023-02-08 16:44:27 | access to /twig/12 
1675871089 | 2023-02-08 16:44:49 | access to /twig/12 
1675871150 | 2023-02-08 16:45:50 | access to /twig/12 
1675871218 | 2023-02-08 16:46:58 | access to /twig/12 
1675871227 | 2023-02-08 16:47:07 | access to /twig/12 
1675871271 | 2023-02-08 16:47:51 | access to /twig/12 
1675871290 | 2023-02-08 16:48:10 | access to /twig/12 
1675871361 | 2023-02-08 16:49:21 | access to /twig/12 
1675871362 | 2023-02-08 16:49:22 | access to /twig/12 
1675871733 | 2023-02-08 16:55:33 | access to /twig/12 
1675873227 | 2023-02-08 17:20:27 | access to /twig/12 
1675873230 | 2023-02-08 17:20:30 | access to /twig/12 
1675873250 | 2023-02-08 17:20:50 | access to /twig/12 
1675873269 | 2023-02-08 17:21:09 | access to /twig/12 
1675873723 | 2023-02-08 17:28:43 | access to /twig/12 
1675873737 | 2023-02-08 17:28:57 | access to /rrrr/12 
1675873747 | 2023-02-08 17:29:07 | access to /vqds/12 
1675873769 | 2023-02-08 17:29:29 | access to /vqds/12 
1675873810 | 2023-02-08 17:30:10 | access to /vqds/12 
1675927909 | 2023-02-09 08:31:49 | access to /vqds/12 
1675928405 | 2023-02-09 08:40:05 | access to /vqds/12 
1675928406 | 2023-02-09 08:40:06 | access to /vqds/12 
1675928407 | 2023-02-09 08:40:07 | access to /vqds/12 
1675928407 | 2023-02-09 08:40:07 | access to /vqds/12 
1675928426 | 2023-02-09 08:40:26 | access to /vqds/12 
1675928427 | 2023-02-09 08:40:27 | access to /vqds/12 
1675928427 | 2023-02-09 08:40:27 | access to /vqds/12 
1675928430 | 2023-02-09 08:40:30 | access to /vqds/12 
1675928461 | 2023-02-09 08:41:01 | access to /vqds/12 
1675928469 | 2023-02-09 08:41:09 | access to /vqds/12 
1675928475 | 2023-02-09 08:41:15 | access to /vqds/12 
1675928533 | 2023-02-09 08:42:13 | access to /vqds/12 
1675928863 | 2023-02-09 08:47:43 | access to /vqds/12 
1675928869 | 2023-02-09 08:47:49 | access to /twig 
1675928886 | 2023-02-09 08:48:06 | access to /twig 
1675928918 | 2023-02-09 08:48:38 | access to /twig 
1675928920 | 2023-02-09 08:48:40 | access to /twig 
1675928933 | 2023-02-09 08:48:53 | access to /twig 
1675928937 | 2023-02-09 08:48:57 | access to /twig/5 
1675928962 | 2023-02-09 08:49:22 | access to /twig/5 
1675928997 | 2023-02-09 08:49:57 | access to /twig/5 
1675929029 | 2023-02-09 08:50:29 | access to /twig/5 
1675929072 | 2023-02-09 08:51:12 | access to /twig/5 
1675929080 | 2023-02-09 08:51:20 | access to /iojrgjiogijos/5 
1675929152 | 2023-02-09 08:52:32 | access to /iojrgjiogijos/5 
1675929161 | 2023-02-09 08:52:41 | access to /twig 
1675929201 | 2023-02-09 08:53:21 | access to /twig/8 
1675929204 | 2023-02-09 08:53:24 | access to /twig/pokemon 
1675929258 | 2023-02-09 08:54:18 | access to /po%C3%A7ievfdgpokergop%C3%B9bzdeq/pokemon 
1675929865 | 2023-02-09 09:04:25 | access to /gtrfr/pokemon 
1675931040 | 2023-02-09 09:24:00 | access to /twig/pokemon 
1675931103 | 2023-02-09 09:25:03 | access to /twig/pokemon 
1675931104 | 2023-02-09 09:25:04 | access to /twig/pokemon 
1675931105 | 2023-02-09 09:25:05 | access to /twig/pokemon 
1675931105 | 2023-02-09 09:25:05 | access to /twig/pokemon 
1675931105 | 2023-02-09 09:25:05 | access to /twig/pokemon 
1675931136 | 2023-02-09 09:25:36 | access to /tg/pokemon 
1675931194 | 2023-02-09 09:26:34 | access to /tg/pokemon 
1675931269 | 2023-02-09 09:27:49 | access to /tg/pokemon 
1675931300 | 2023-02-09 09:28:20 | access to /tg/pokemon 
1675931305 | 2023-02-09 09:28:25 | access to /twig/pokemon 
1675931317 | 2023-02-09 09:28:37 | access to /twig/pokemon 
1675932404 | 2023-02-09 09:46:44 | access to /twig/pokemon 
1675932528 | 2023-02-09 09:48:48 | access to /twig/pokemon 
1675932537 | 2023-02-09 09:48:57 | access to /twig/pokemon/ff 
1675932931 | 2023-02-09 09:55:31 | access to /twig/pokemon/ff 
1675932932 | 2023-02-09 09:55:32 | access to /twig/pokemon/ff 
1675932933 | 2023-02-09 09:55:33 | access to /twig/pokemon/ff 
1675932934 | 2023-02-09 09:55:34 | access to /twig/pokemon/ff 
1675932963 | 2023-02-09 09:56:03 | access to /twig/pokemon/ff 
1675932986 | 2023-02-09 09:56:26 | access to /twig/pokemon/ff 
1675932987 | 2023-02-09 09:56:27 | access to /twig/pokemon/ff 
1675932999 | 2023-02-09 09:56:39 | access to /twig/pokemon/ff 
1675933036 | 2023-02-09 09:57:16 | access to /twig/pokemon/ff 
1675933057 | 2023-02-09 09:57:37 | access to /twig/pokemon/ff 
1675933081 | 2023-02-09 09:58:01 | access to /twig/pokemon/ff 
1675933113 | 2023-02-09 09:58:33 | access to /twig/pokemon/ff 
1675933118 | 2023-02-09 09:58:38 | access to /twig/pokemon/ 
1675933121 | 2023-02-09 09:58:41 | access to /twig/pokemon 
1675933126 | 2023-02-09 09:58:46 | access to /twig/pokemon/fff 
1675933131 | 2023-02-09 09:58:51 | access to /twig/pokemon/fff 
1675933149 | 2023-02-09 09:59:09 | access to /twig/pokemon/fff 
1675933149 | 2023-02-09 09:59:09 | access to /twig/pokemon/fff 
1675933150 | 2023-02-09 09:59:10 | access to /twig/pokemon/fff 
1675933150 | 2023-02-09 09:59:10 | access to /twig/pokemon/fff 
1675933156 | 2023-02-09 09:59:16 | access to /twig/pokemon/fff 
1675933157 | 2023-02-09 09:59:17 | access to /twig/pokemon/fff 
1675933157 | 2023-02-09 09:59:17 | access to /twig/pokemon/fff 
1675933162 | 2023-02-09 09:59:22 | access to /twig/pokemon/fff 
1675933162 | 2023-02-09 09:59:22 | access to /twig/pokemon/fff 
1675933162 | 2023-02-09 09:59:22 | access to /twig/pokemon/fff 
1675933162 | 2023-02-09 09:59:22 | access to /twig/pokemon/fff 
1675933169 | 2023-02-09 09:59:29 | access to /twig/pokemon/fff 
1675933170 | 2023-02-09 09:59:30 | access to /twig/pokemon/fff 
1675933170 | 2023-02-09 09:59:30 | access to /twig/pokemon/fff 
1675933171 | 2023-02-09 09:59:31 | access to /twig/pokemon/fff 
1675933178 | 2023-02-09 09:59:38 | access to /twig/pokemon/fff 
1675933200 | 2023-02-09 10:00:00 | access to /twig/pokemon/fff 
1675933206 | 2023-02-09 10:00:06 | access to /twig/pokemon/fff 
1675933214 | 2023-02-09 10:00:14 | access to /twig/pokemon/fff 
1675933226 | 2023-02-09 10:00:26 | access to /twig/pokemon/fff 
1675933235 | 2023-02-09 10:00:35 | access to /twig/pokemon/fff 
1675933267 | 2023-02-09 10:01:07 | access to /twig/pokemon/fff 
1675933268 | 2023-02-09 10:01:08 | access to /twig/pokemon/fff 
1675933268 | 2023-02-09 10:01:08 | access to /twig/pokemon/fff 
1675933269 | 2023-02-09 10:01:09 | access to /twig/pokemon/fff 
1675933277 | 2023-02-09 10:01:17 | access to /twig/pokemon/fff 
1675933290 | 2023-02-09 10:01:30 | access to /twig/pokemon/fff 
1675933309 | 2023-02-09 10:01:49 | access to /twig/pokemon/fff 
1675933372 | 2023-02-09 10:02:52 | access to /twig/pokemon/fff 
1675933381 | 2023-02-09 10:03:01 | access to /twig/pokemon/fff 
1675933446 | 2023-02-09 10:04:06 | access to /twig/pokemon/fff 
1675933449 | 2023-02-09 10:04:09 | access to /twig/pokemon/fff 
1675933475 | 2023-02-09 10:04:35 | access to /twig/pokemon/fff 
1675933489 | 2023-02-09 10:04:49 | access to /twig/pokemon/fff 
1675933490 | 2023-02-09 10:04:50 | access to /twig/pokemon/fff 
1675933567 | 2023-02-09 10:06:07 | access to /twig/pokemon/fff 
1675933568 | 2023-02-09 10:06:08 | access to /twig/pokemon/fff 
1675933568 | 2023-02-09 10:06:08 | access to /twig/pokemon/fff 
1675933569 | 2023-02-09 10:06:09 | access to /twig/pokemon/fff 
1675933599 | 2023-02-09 10:06:39 | access to /twig/pokemon/fff 
1675936454 | 2023-02-09 10:54:14 | access to /twig/pokemon/fff 
1675936464 | 2023-02-09 10:54:24 | access to /bye/bye 
1675936477 | 2023-02-09 10:54:37 | access to /bye 
1675936494 | 2023-02-09 10:54:54 | access to /bye/bye 
1675936555 | 2023-02-09 10:55:55 | access to /bye/bye 
1675936559 | 2023-02-09 10:55:59 | access to /bye/bye/ezvfds 
1675936565 | 2023-02-09 10:56:05 | access to /bye/45/ezvfds 
1675936569 | 2023-02-09 10:56:09 | access to /bye/45/ 
1675936575 | 2023-02-09 10:56:15 | access to /bye/bye/ 
1675936578 | 2023-02-09 10:56:18 | access to /bye/bye 
1675936605 | 2023-02-09 10:56:45 | access to /bye/bye 
1675936632 | 2023-02-09 10:57:12 | access to /bye/bye 
1675936664 | 2023-02-09 10:57:44 | access to /bye/bye 
1675936673 | 2023-02-09 10:57:53 | access to /bye/45/ 
1675936712 | 2023-02-09 10:58:32 | access to /bye/45/ 
1675936746 | 2023-02-09 10:59:06 | access to /bye/45/ 
1675936780 | 2023-02-09 10:59:40 | access to /bye/45/ 
1675936836 | 2023-02-09 11:00:36 | access to /bye/45/ 
1675936856 | 2023-02-09 11:00:56 | access to /bye/45/ 
1675936857 | 2023-02-09 11:00:57 | access to /bye/45/ 
1675936868 | 2023-02-09 11:01:08 | access to /bye/45/ 
1675936869 | 2023-02-09 11:01:09 | access to /bye/45/ 
1675936869 | 2023-02-09 11:01:09 | access to /bye/45/ 
1675936869 | 2023-02-09 11:01:09 | access to /bye/45/ 
1675936870 | 2023-02-09 11:01:10 | access to /bye/45/ 
1675936870 | 2023-02-09 11:01:10 | access to /bye/45/ 
1675936870 | 2023-02-09 11:01:10 | access to /bye/45/ 
1675936870 | 2023-02-09 11:01:10 | access to /bye/45/ 
1675936870 | 2023-02-09 11:01:10 | access to /bye/45/ 
1675936871 | 2023-02-09 11:01:11 | access to /bye/45/ 
1675936871 | 2023-02-09 11:01:11 | access to /bye/45/ 
1675936871 | 2023-02-09 11:01:11 | access to /bye/45/ 
1675936871 | 2023-02-09 11:01:11 | access to /bye/45/ 
1675936960 | 2023-02-09 11:02:40 | access to /bye/45/ 
1675937052 | 2023-02-09 11:04:12 | access to /bye/45/ 
1675937103 | 2023-02-09 11:05:03 | access to /bye/45/ 
1675937108 | 2023-02-09 11:05:08 | access to /bye/45/ 
1675937179 | 2023-02-09 11:06:19 | access to /bye/45/ 
1675937227 | 2023-02-09 11:07:07 | access to /bye/45/ 
1675937253 | 2023-02-09 11:07:33 | access to /bye/45/ 
1675937254 | 2023-02-09 11:07:34 | access to /bye/45/ 
1675937260 | 2023-02-09 11:07:40 | access to /bye/45/ 
1675937291 | 2023-02-09 11:08:11 | access to /bye/45/ 
1675937292 | 2023-02-09 11:08:12 | access to /bye/45/ 
1675937531 | 2023-02-09 11:12:11 | access to /bye/45/ 
1675937598 | 2023-02-09 11:13:18 | access to /bye/45/ 
1675937638 | 2023-02-09 11:13:58 | access to /bye/45/ 
1675937682 | 2023-02-09 11:14:42 | access to /bye/45/ 
1675938653 | 2023-02-09 11:30:53 | access to /bye/45/ 
1675939331 | 2023-02-09 11:42:11 | access to /bye/45/ 
1675939335 | 2023-02-09 11:42:15 | access to /bye2 
1675939339 | 2023-02-09 11:42:19 | access to /bye2/ 
1675939344 | 2023-02-09 11:42:24 | access to /bye2 
1675939401 | 2023-02-09 11:43:21 | access to /bye2 
1675939415 | 2023-02-09 11:43:35 | access to /bye2 
1675939482 | 2023-02-09 11:44:42 | access to /bye2 
1675939493 | 2023-02-09 11:44:53 | access to /bye2 
1675939502 | 2023-02-09 11:45:02 | access to /bye2 
1675939528 | 2023-02-09 11:45:28 | access to /bye2 
1675939645 | 2023-02-09 11:47:25 | access to /bye2 
1675939660 | 2023-02-09 11:47:40 | access to /twig/2 
1675939676 | 2023-02-09 11:47:56 | access to /twig/2 
1675939691 | 2023-02-09 11:48:11 | access to /twig/pokemon 
1675939702 | 2023-02-09 11:48:22 | access to /twig/pokemon 
1675939707 | 2023-02-09 11:48:27 | access to /ref/pokemon 
1675939712 | 2023-02-09 11:48:32 | access to /ref/pokemon/eszdc 
1675939730 | 2023-02-09 11:48:50 | access to /zezgez/pokemon/ 
1675940297 | 2023-02-09 11:58:17 | access to /zezgez/pokemon/ 
1675940297 | 2023-02-09 11:58:17 | access to /zezgez/pokemon 
1675940301 | 2023-02-09 11:58:21 | access to /zezgez/pokemon/ 
1675940301 | 2023-02-09 11:58:21 | access to /zezgez/pokemon 
1675940308 | 2023-02-09 11:58:28 | access to /zezgez/pokemon/ 
1675940308 | 2023-02-09 11:58:28 | access to /zezgez/pokemon 
1675940399 | 2023-02-09 11:59:59 | access to /zezgez/pokemon////// 
1675940399 | 2023-02-09 11:59:59 | access to /zezgez/pokemon 
1675940405 | 2023-02-09 12:00:05 | access to /zezgez/pokemon//////////////////////////////////////////////////////////////////////////////////////////// 
1675940405 | 2023-02-09 12:00:05 | access to /zezgez/pokemon 
1675940422 | 2023-02-09 12:00:22 | access to /zezgez/pokemon/////////////////////////////////////////////////////////////////////////////////////////////////////////////////////////////////////////////////////////////////////////////////////////////////////////////////////////////////////////////////////////////////////////////////////////////////////////////////////////////////////////////////////////////////////////////////////////////////////////////////////////////////////////////////////////////////////////////////////////////////////////////////////////////////////////////////////////////////////////////////////////////////////////////////////////////////////// 
1675940422 | 2023-02-09 12:00:22 | access to /zezgez/pokemon 
1675940453 | 2023-02-09 12:00:53 | access to /zezgez/pokemon 
1675940515 | 2023-02-09 12:01:55 | access to /zezgez/pokemon 
1675940524 | 2023-02-09 12:02:04 | access to /zezgez/pokemon 
1675949749 | 2023-02-09 14:35:49 | access to /zezgez/pokemon 
1675949782 | 2023-02-09 14:36:22 | access to /zezgez/pokemon 
1675949824 | 2023-02-09 14:37:04 | access to /zezgez/pokemon 
1676372211 | 2023-02-14 11:56:51 | access to /zezgez/pokemon 
1676372211 | 2023-02-14 11:56:51 | access to /zezgez/pokemon 
1676372212 | 2023-02-14 11:56:52 | access to /zezgez/pokemon 
1676372212 | 2023-02-14 11:56:52 | access to /zezgez/pokemon 
1676372212 | 2023-02-14 11:56:52 | access to /zezgez/pokemon 
1676372212 | 2023-02-14 11:56:52 | access to /zezgez/pokemon 
1676372236 | 2023-02-14 11:57:16 | access to /zezgez/pokemon 
1676372282 | 2023-02-14 11:58:02 | access to /zezgez/pokemon 
1676372283 | 2023-02-14 11:58:03 | access to /zezgez/pokemon 
1676372283 | 2023-02-14 11:58:03 | access to /zezgez/pokemon 
1676372283 | 2023-02-14 11:58:03 | access to /zezgez/pokemon 
1676372300 | 2023-02-14 11:58:20 | access to /zezgez/pokemon 
1676372898 | 2023-02-14 12:08:18 | access to /zezgez/pokemon 
1676372902 | 2023-02-14 12:08:22 | access to /zezgez/pokemon 
1676372903 | 2023-02-14 12:08:23 | access to /zezgez/pokemon 
1676372903 | 2023-02-14 12:08:23 | access to /zezgez/pokemon 
1676373152 | 2023-02-14 12:12:32 | access to /zezgez/pokemon 
1676373239 | 2023-02-14 12:13:59 | access to /zezgez/pokemon 
1676373240 | 2023-02-14 12:14:00 | access to /zezgez/pokemon 
1676373240 | 2023-02-14 12:14:00 | access to /zezgez/pokemon 
1676373240 | 2023-02-14 12:14:00 | access to /zezgez/pokemon 
1676373271 | 2023-02-14 12:14:31 | access to /zezgez/pokemon 
1676373272 | 2023-02-14 12:14:32 | access to /zezgez/pokemon 
1676373272 | 2023-02-14 12:14:32 | access to /zezgez/pokemon 
1676373272 | 2023-02-14 12:14:32 | access to /zezgez/pokemon 
1676373272 | 2023-02-14 12:14:32 | access to /zezgez/pokemon 
1676373300 | 2023-02-14 12:15:00 | access to /zezgez/pokemon 
1676381219 | 2023-02-14 14:26:59 | access to /zezgez/pokemon 
1676381228 | 2023-02-14 14:27:08 | access to /zezgez/pokemon 
1676381323 | 2023-02-14 14:28:43 | access to /zezgez/pokemon 
1676381324 | 2023-02-14 14:28:44 | access to /zezgez/pokemon 
1676381324 | 2023-02-14 14:28:44 | access to /zezgez/pokemon 
1676381324 | 2023-02-14 14:28:44 | access to /zezgez/pokemon 
1676381325 | 2023-02-14 14:28:45 | access to /zezgez/pokemon 
1676381325 | 2023-02-14 14:28:45 | access to /zezgez/pokemon 
1676381325 | 2023-02-14 14:28:45 | access to /zezgez/pokemon 
1676381325 | 2023-02-14 14:28:45 | access to /zezgez/pokemon 
1676381326 | 2023-02-14 14:28:46 | access to /zezgez/pokemon 
1676381327 | 2023-02-14 14:28:47 | access to /zezgez/pokemon 
1676381334 | 2023-02-14 14:28:54 | access to /zezgez/pokemon 
1676381346 | 2023-02-14 14:29:06 | access to /zezgez/pokemon 
1676381368 | 2023-02-14 14:29:28 | access to /zezgez/pokemon 
1676381397 | 2023-02-14 14:29:57 | access to /zezgez/pokemon 
1676381530 | 2023-02-14 14:32:10 | access to /zezgez/pokemon 
1676381629 | 2023-02-14 14:33:49 | access to /zezgez/pokemon 
1676381629 | 2023-02-14 14:33:49 | access to /zezgez/pokemon 
1676381630 | 2023-02-14 14:33:50 | access to /zezgez/pokemon 
1676381630 | 2023-02-14 14:33:50 | access to /zezgez/pokemon 
1676381743 | 2023-02-14 14:35:43 | access to /zezgez/pokemon 
1676381757 | 2023-02-14 14:35:57 | access to /zezgez/pokemon 
1676381790 | 2023-02-14 14:36:30 | access to /zezgez/pokemon 
1676381791 | 2023-02-14 14:36:31 | access to /zezgez/pokemon 
1676381792 | 2023-02-14 14:36:32 | access to /zezgez/pokemon 
1676381792 | 2023-02-14 14:36:32 | access to /zezgez/pokemon 
1676381792 | 2023-02-14 14:36:32 | access to /zezgez/pokemon 
1676381792 | 2023-02-14 14:36:32 | access to /zezgez/pokemon 
1676381793 | 2023-02-14 14:36:33 | access to /zezgez/pokemon 
1676381793 | 2023-02-14 14:36:33 | access to /zezgez/pokemon 
1676381793 | 2023-02-14 14:36:33 | access to /zezgez/pokemon 
1676381793 | 2023-02-14 14:36:33 | access to /zezgez/pokemon 
1676381811 | 2023-02-14 14:36:51 | access to /zezgez/pokemon 
1676381846 | 2023-02-14 14:37:26 | access to /zezgez/pokemon 
1676381904 | 2023-02-14 14:38:24 | access to /zezgez/pokemon 
1676382032 | 2023-02-14 14:40:32 | access to /zezgez/pokemon 
1676382127 | 2023-02-14 14:42:07 | access to /zezgez/pokemon 
1676382142 | 2023-02-14 14:42:22 | access to /zezgez/pokemon 
1676382171 | 2023-02-14 14:42:51 | access to /zezgez/pokemon 
1676382197 | 2023-02-14 14:43:17 | access to /zezgez/pokemon 
1676382228 | 2023-02-14 14:43:48 | access to /zezgez/pokemon 
1676382309 | 2023-02-14 14:45:09 | access to /twig/ 
1676382322 | 2023-02-14 14:45:22 | access to /twig/ 
1676382370 | 2023-02-14 14:46:10 | access to /twig/ 
1676382400 | 2023-02-14 14:46:40 | access to /twig/ 
1676382418 | 2023-02-14 14:46:58 | access to /twig/ 
1676382422 | 2023-02-14 14:47:02 | access to /twig/ 
1676382422 | 2023-02-14 14:47:02 | access to /twig/ 
1676382422 | 2023-02-14 14:47:02 | access to /twig/ 
1676382436 | 2023-02-14 14:47:16 | access to /twig/ 
1676382436 | 2023-02-14 14:47:16 | access to /twig/ 
1676382436 | 2023-02-14 14:47:16 | access to /twig/ 
1676382445 | 2023-02-14 14:47:25 | access to /twig/ 
1676382460 | 2023-02-14 14:47:40 | access to /twig/ 
1676382467 | 2023-02-14 14:47:47 | access to /twig/ 
1676382620 | 2023-02-14 14:50:20 | access to /twig/ 
1676382621 | 2023-02-14 14:50:21 | access to /twig/ 
1676382621 | 2023-02-14 14:50:21 | access to /twig/ 
1676382621 | 2023-02-14 14:50:21 | access to /twig/ 
1676382621 | 2023-02-14 14:50:21 | access to /twig/ 
1676382621 | 2023-02-14 14:50:21 | access to /twig/ 
1676382645 | 2023-02-14 14:50:45 | access to /twig/ 
1676382652 | 2023-02-14 14:50:52 | access to /twig/ 
1676382672 | 2023-02-14 14:51:12 | access to /twig/ 
1676382702 | 2023-02-14 14:51:42 | access to /twig/ 
1676382730 | 2023-02-14 14:52:10 | access to /twig/ 
1676382811 | 2023-02-14 14:53:31 | access to /twig/ 
1676382827 | 2023-02-14 14:53:47 | access to /twig/ 
1676382857 | 2023-02-14 14:54:17 | access to /twig/ 
1676382884 | 2023-02-14 14:54:44 | access to /twig/ 
1676382953 | 2023-02-14 14:55:53 | access to /twig/ 
1676382980 | 2023-02-14 14:56:20 | access to /twig/ 
1676383005 | 2023-02-14 14:56:45 | access to /twig/ 
1676383005 | 2023-02-14 14:56:45 | access to /twig/ 
1676383006 | 2023-02-14 14:56:46 | access to /twig/ 
1676383006 | 2023-02-14 14:56:46 | access to /twig/ 
1676383016 | 2023-02-14 14:56:56 | access to /twig/ 
1676383067 | 2023-02-14 14:57:47 | access to /twig/ 
1676383092 | 2023-02-14 14:58:12 | access to /twig/ 
1676383092 | 2023-02-14 14:58:12 | access to /twig/ 
1676383092 | 2023-02-14 14:58:12 | access to /twig/ 
1676383214 | 2023-02-14 15:00:14 | access to /twig/ 
1676383215 | 2023-02-14 15:00:15 | access to /twig/ 
1676383228 | 2023-02-14 15:00:28 | access to /twig/ 
1676383228 | 2023-02-14 15:00:28 | access to /twig/ 
1676383228 | 2023-02-14 15:00:28 | access to /twig/ 
1676383228 | 2023-02-14 15:00:28 | access to /twig/ 
1676383228 | 2023-02-14 15:00:28 | access to /twig/ 
1676383228 | 2023-02-14 15:00:28 | access to /twig/ 
1676383228 | 2023-02-14 15:00:28 | access to /twig/ 
1676383300 | 2023-02-14 15:01:40 | access to /twig/ 
1676383301 | 2023-02-14 15:01:41 | access to /twig/ 
1676383301 | 2023-02-14 15:01:41 | access to /twig/ 
1676383489 | 2023-02-14 15:04:49 | access to /twig/ 
1676383516 | 2023-02-14 15:05:16 | access to /twig/ 
1676383537 | 2023-02-14 15:05:37 | access to /twig/ 
1676383723 | 2023-02-14 15:08:43 | access to /twig/ 
1676383723 | 2023-02-14 15:08:43 | access to /twig 
1676383727 | 2023-02-14 15:08:47 | access to /twig 
1676383733 | 2023-02-14 15:08:53 | access to /twig 
1676383762 | 2023-02-14 15:09:22 | access to /twig 
1676383762 | 2023-02-14 15:09:22 | access to /twig 
1676383778 | 2023-02-14 15:09:38 | access to /twig 
1676383780 | 2023-02-14 15:09:40 | access to /twig 
1676383780 | 2023-02-14 15:09:40 | access to /twig 
1676383780 | 2023-02-14 15:09:40 | access to /twig 
1676383780 | 2023-02-14 15:09:40 | access to /twig 
1676383781 | 2023-02-14 15:09:41 | access to /twig 
1676383781 | 2023-02-14 15:09:41 | access to /twig 
1676383781 | 2023-02-14 15:09:41 | access to /twig 
1676386261 | 2023-02-14 15:51:01 | access to /twig 
1676386294 | 2023-02-14 15:51:34 | access to /twig 
1676386325 | 2023-02-14 15:52:05 | access to /twig 
1676386342 | 2023-02-14 15:52:22 | access to /twig 
1676386367 | 2023-02-14 15:52:47 | access to /twig 
1676386459 | 2023-02-14 15:54:19 | access to /twig 
1676386483 | 2023-02-14 15:54:43 | access to /twig 
1676386508 | 2023-02-14 15:55:08 | access to /twig 
1676386539 | 2023-02-14 15:55:39 | access to /twig 
1676386597 | 2023-02-14 15:56:37 | access to /twig 
1676387247 | 2023-02-14 16:07:27 | access to /twig 
1676387263 | 2023-02-14 16:07:43 | access to /twig 
1676387263 | 2023-02-14 16:07:43 | access to /twig 
1676387264 | 2023-02-14 16:07:44 | access to /twig 
1676387264 | 2023-02-14 16:07:44 | access to /twig 
1676387264 | 2023-02-14 16:07:44 | access to /twig 
1676387264 | 2023-02-14 16:07:44 | access to /twig 
1676387264 | 2023-02-14 16:07:44 | access to /twig 
1676387281 | 2023-02-14 16:08:01 | access to /twig 
1676387282 | 2023-02-14 16:08:02 | access to /twig 
1676387282 | 2023-02-14 16:08:02 | access to /twig 
1676387328 | 2023-02-14 16:08:48 | access to /twig 
1676387350 | 2023-02-14 16:09:10 | access to /twig 
1676387438 | 2023-02-14 16:10:38 | access to /twig 
1676387460 | 2023-02-14 16:11:00 | access to /twig 
1676387460 | 2023-02-14 16:11:00 | access to /twig 
1676387461 | 2023-02-14 16:11:01 | access to /twig 
1676387461 | 2023-02-14 16:11:01 | access to /twig 
1676387461 | 2023-02-14 16:11:01 | access to /twig 
1676387462 | 2023-02-14 16:11:02 | access to /twig 
1676387462 | 2023-02-14 16:11:02 | access to /twig 
1676387462 | 2023-02-14 16:11:02 | access to /twig 
1676387463 | 2023-02-14 16:11:03 | access to /twig 
1676387463 | 2023-02-14 16:11:03 | access to /twig 
1676387463 | 2023-02-14 16:11:03 | access to /twig 
1676387463 | 2023-02-14 16:11:03 | access to /twig 
1676389780 | 2023-02-14 16:49:40 | access to /twig 
1676389948 | 2023-02-14 16:52:28 | access to /twig 
1676390158 | 2023-02-14 16:55:58 | access to /twig 
1676390639 | 2023-02-14 17:03:59 | access to /twig 
1676390640 | 2023-02-14 17:04:00 | access to /twig 
1676390640 | 2023-02-14 17:04:00 | access to /twig 
1676390640 | 2023-02-14 17:04:00 | access to /twig 
1676390640 | 2023-02-14 17:04:00 | access to /twig 
1676390661 | 2023-02-14 17:04:21 | access to /twig 
1676390732 | 2023-02-14 17:05:32 | access to /twig 
1676390734 | 2023-02-14 17:05:34 | access to /twig 
1676390734 | 2023-02-14 17:05:34 | access to /twig 
1676390734 | 2023-02-14 17:05:34 | access to /twig 
1676391066 | 2023-02-14 17:11:06 | access to /twig 
1676391067 | 2023-02-14 17:11:07 | access to /twig 
1676391068 | 2023-02-14 17:11:08 | access to /twig 
1676391068 | 2023-02-14 17:11:08 | access to /twig 
1676391101 | 2023-02-14 17:11:41 | access to /twig 
1676391101 | 2023-02-14 17:11:41 | access to /twig 
1676391102 | 2023-02-14 17:11:42 | access to /twig 
1676391108 | 2023-02-14 17:11:48 | access to /twig 
1676391108 | 2023-02-14 17:11:48 | access to /twig 
1676391109 | 2023-02-14 17:11:49 | access to /twig 
1676391126 | 2023-02-14 17:12:06 | access to /twig 
1676391131 | 2023-02-14 17:12:11 | access to /twig 
1676391294 | 2023-02-14 17:14:54 | access to /twig 
1676391303 | 2023-02-14 17:15:03 | access to /twig 
1676391353 | 2023-02-14 17:15:53 | access to /twig 
1676391504 | 2023-02-14 17:18:24 | access to /twig 
1676391552 | 2023-02-14 17:19:12 | access to /twig 
1676391783 | 2023-02-14 17:23:03 | access to /twig 
1676391860 | 2023-02-14 17:24:20 | access to /twig 
1676391895 | 2023-02-14 17:24:55 | access to /twig 
1676391895 | 2023-02-14 17:24:55 | access to /twig 
1676391895 | 2023-02-14 17:24:55 | access to /twig 
1676391895 | 2023-02-14 17:24:55 | access to /twig 
1676391895 | 2023-02-14 17:24:55 | access to /twig 
1676391895 | 2023-02-14 17:24:55 | access to /twig 
1676391896 | 2023-02-14 17:24:56 | access to /twig 
1676391896 | 2023-02-14 17:24:56 | access to /twig 
1676391908 | 2023-02-14 17:25:08 | access to /twig 
1676391908 | 2023-02-14 17:25:08 | access to /twig 
1676392120 | 2023-02-14 17:28:40 | access to /twig 
1676447284 | 2023-02-15 08:48:04 | access to /twig 
1676447304 | 2023-02-15 08:48:24 | access to /twig 
1676447304 | 2023-02-15 08:48:24 | access to /twig 
1676447304 | 2023-02-15 08:48:24 | access to /twig 
1676447305 | 2023-02-15 08:48:25 | access to /twig 
1676447305 | 2023-02-15 08:48:25 | access to /twig 
1676447337 | 2023-02-15 08:48:57 | access to /twig 
1676447690 | 2023-02-15 08:54:50 | access to /twig 
1676447722 | 2023-02-15 08:55:22 | access to /twig 
1676449215 | 2023-02-15 09:20:15 | access to /twig 
1676449216 | 2023-02-15 09:20:16 | access to /twig 
1676449216 | 2023-02-15 09:20:16 | access to /twig 
1676449216 | 2023-02-15 09:20:16 | access to /twig 
1676449217 | 2023-02-15 09:20:17 | access to /twig 
1676449217 | 2023-02-15 09:20:17 | access to /twig 
1676449217 | 2023-02-15 09:20:17 | access to /twig 
1676449218 | 2023-02-15 09:20:18 | access to /twig 
1676449218 | 2023-02-15 09:20:18 | access to /twig 
1676449218 | 2023-02-15 09:20:18 | access to /twig 
1676449218 | 2023-02-15 09:20:18 | access to /twig 
1676449219 | 2023-02-15 09:20:19 | access to /twig 
1676449219 | 2023-02-15 09:20:19 | access to /twig 
1676449219 | 2023-02-15 09:20:19 | access to /twig 
1676449219 | 2023-02-15 09:20:19 | access to /twig 
1676449220 | 2023-02-15 09:20:20 | access to /twig 
1676449220 | 2023-02-15 09:20:20 | access to /twig 
1676449220 | 2023-02-15 09:20:20 | access to /twig 
1676449220 | 2023-02-15 09:20:20 | access to /twig 
1676449220 | 2023-02-15 09:20:20 | access to /twig 
1676449220 | 2023-02-15 09:20:20 | access to /twig 
1676449220 | 2023-02-15 09:20:20 | access to /twig 
1676449220 | 2023-02-15 09:20:20 | access to /twig 
1676449221 | 2023-02-15 09:20:21 | access to /twig 
1676449221 | 2023-02-15 09:20:21 | access to /twig 
1676449221 | 2023-02-15 09:20:21 | access to /twig 
1676449415 | 2023-02-15 09:23:35 | access to /twig 
1676449469 | 2023-02-15 09:24:29 | access to /twig 
1676449485 | 2023-02-15 09:24:45 | access to /twig 
1676449625 | 2023-02-15 09:27:05 | access to /twig 
1676449629 | 2023-02-15 09:27:09 | access to /twig 
1676449630 | 2023-02-15 09:27:10 | access to /twig 
1676449630 | 2023-02-15 09:27:10 | access to /twig 
1676449630 | 2023-02-15 09:27:10 | access to /twig 
1676449641 | 2023-02-15 09:27:21 | access to /twig 
1676449672 | 2023-02-15 09:27:52 | access to /twig 
1676449701 | 2023-02-15 09:28:21 | access to /twig 
1676449839 | 2023-02-15 09:30:39 | access to /twig 
1676450268 | 2023-02-15 09:37:48 | access to /twig 
1676450277 | 2023-02-15 09:37:57 | access to /balabala 
1676450315 | 2023-02-15 09:38:35 | access to /balabala 
1676450323 | 2023-02-15 09:38:43 | access to /balabala 
1676450377 | 2023-02-15 09:39:37 | access to /balabala 
1676450431 | 2023-02-15 09:40:31 | access to /balabala 
1676450478 | 2023-02-15 09:41:18 | access to /balabala 
1676450501 | 2023-02-15 09:41:41 | access to /balabala 
1676450555 | 2023-02-15 09:42:35 | access to /balabala 
1676450562 | 2023-02-15 09:42:42 | access to /balabala 
1676450562 | 2023-02-15 09:42:42 | access to /balabala 
1676450563 | 2023-02-15 09:42:43 | access to /balabala 
1676450563 | 2023-02-15 09:42:43 | access to /balabala 
1676450944 | 2023-02-15 09:49:04 | access to /balabala 
1676450954 | 2023-02-15 09:49:14 | access to /balabala 
1676450972 | 2023-02-15 09:49:32 | access to /balabala 
1676450995 | 2023-02-15 09:49:55 | access to /balabala 
1676450995 | 2023-02-15 09:49:55 | access to /balabala 
1676450995 | 2023-02-15 09:49:55 | access to /balabala 
1676451016 | 2023-02-15 09:50:16 | access to /balabala 
1676451017 | 2023-02-15 09:50:17 | access to /balabala 
1676451017 | 2023-02-15 09:50:17 | access to /balabala 
1676451048 | 2023-02-15 09:50:48 | access to /balabala 
1676451093 | 2023-02-15 09:51:33 | access to /balabala 
1676451094 | 2023-02-15 09:51:34 | access to /balabala 
1676451095 | 2023-02-15 09:51:35 | access to /balabala 
1676451109 | 2023-02-15 09:51:49 | access to /balabala 
1676451110 | 2023-02-15 09:51:50 | access to /balabala 
1676451110 | 2023-02-15 09:51:50 | access to /balabala 
1676451151 | 2023-02-15 09:52:31 | access to /balabala 
1676451183 | 2023-02-15 09:53:03 | access to /balabala 
1676451184 | 2023-02-15 09:53:04 | access to /balabala 
1676451195 | 2023-02-15 09:53:15 | access to /balabala 
1676451228 | 2023-02-15 09:53:48 | access to /balabala 
1676451240 | 2023-02-15 09:54:00 | access to /balabala 
1676451261 | 2023-02-15 09:54:21 | access to /balabala 
1676451286 | 2023-02-15 09:54:46 | access to /balabala 
1676451320 | 2023-02-15 09:55:20 | access to /balabala 
1676451453 | 2023-02-15 09:57:33 | access to /balabala 
1676451468 | 2023-02-15 09:57:48 | access to /balabala 
1676451483 | 2023-02-15 09:58:03 | access to /balabala 
1676451535 | 2023-02-15 09:58:55 | access to /balabala 
1676451585 | 2023-02-15 09:59:45 | access to /balabala 
1676451593 | 2023-02-15 09:59:53 | access to /balabala 
1676451609 | 2023-02-15 10:00:09 | access to /balabala 
1676451619 | 2023-02-15 10:00:19 | access to /balabala 
1676451663 | 2023-02-15 10:01:03 | access to /balabala 
1676451665 | 2023-02-15 10:01:05 | access to /balabala 
1676451684 | 2023-02-15 10:01:24 | access to /balabala 
1676451685 | 2023-02-15 10:01:25 | access to /balabala 
1676451685 | 2023-02-15 10:01:25 | access to /balabala 
1676451685 | 2023-02-15 10:01:25 | access to /balabala 
1676451686 | 2023-02-15 10:01:26 | access to /balabala 
1676451731 | 2023-02-15 10:02:11 | access to /balabala 
1676451776 | 2023-02-15 10:02:56 | access to /balabala 
1676451789 | 2023-02-15 10:03:09 | access to /balabala 
1676451818 | 2023-02-15 10:03:38 | access to /balabala 
1676451852 | 2023-02-15 10:04:12 | access to /balabala 
1676451915 | 2023-02-15 10:05:15 | access to /balabala 
1676451936 | 2023-02-15 10:05:36 | access to /balabala 
1676451978 | 2023-02-15 10:06:18 | access to /balabala 
1676452041 | 2023-02-15 10:07:21 | access to /balabala 
1676452124 | 2023-02-15 10:08:44 | access to /balabala 
1676452139 | 2023-02-15 10:08:59 | access to /balabala 
1676452151 | 2023-02-15 10:09:11 | access to /balabala 
1676452158 | 2023-02-15 10:09:18 | access to /balabala 
1676452271 | 2023-02-15 10:11:11 | access to /balabala 
1676452271 | 2023-02-15 10:11:11 | access to /balabala 
1676452272 | 2023-02-15 10:11:12 | access to /balabala 
1676452277 | 2023-02-15 10:11:17 | access to /balabala 
1676452277 | 2023-02-15 10:11:17 | access to /balabala 
1676452278 | 2023-02-15 10:11:18 | access to /balabala 
1676453486 | 2023-02-15 10:31:26 | access to /balabala 
1676453492 | 2023-02-15 10:31:32 | access to /balabala 
1676453508 | 2023-02-15 10:31:48 | access to /balabala 
1676453516 | 2023-02-15 10:31:56 | access to /balabala 
1676453516 | 2023-02-15 10:31:56 | access to /balabala 
1676453516 | 2023-02-15 10:31:56 | access to /balabala 
1676453516 | 2023-02-15 10:31:56 | access to /balabala 
1676453522 | 2023-02-15 10:32:02 | access to /balabala 
1676453523 | 2023-02-15 10:32:03 | access to /balabala 
1676453523 | 2023-02-15 10:32:03 | access to /balabala 
1676453523 | 2023-02-15 10:32:03 | access to /balabala 
1676453537 | 2023-02-15 10:32:17 | access to /balabala 
1676453548 | 2023-02-15 10:32:28 | access to /balabala 
1676453558 | 2023-02-15 10:32:38 | access to /balabala 
1676453605 | 2023-02-15 10:33:25 | access to /balabala 
1676453646 | 2023-02-15 10:34:06 | access to /balabala 
1676453667 | 2023-02-15 10:34:27 | access to /balabala 
1676453745 | 2023-02-15 10:35:45 | access to /balabala 
1676453798 | 2023-02-15 10:36:38 | access to /balabala 
1676454119 | 2023-02-15 10:41:59 | access to /balabala 
1676454134 | 2023-02-15 10:42:14 | access to /balabala 
1676454192 | 2023-02-15 10:43:12 | access to /balabala 
1676454316 | 2023-02-15 10:45:16 | access to /balabala 
1676454440 | 2023-02-15 10:47:20 | access to /balabala 
1676454441 | 2023-02-15 10:47:21 | access to /balabala 
1676454442 | 2023-02-15 10:47:22 | access to /balabala 
1676454442 | 2023-02-15 10:47:22 | access to /balabala 
1676454442 | 2023-02-15 10:47:22 | access to /balabala 
1676454455 | 2023-02-15 10:47:35 | access to /balabala 
1676454474 | 2023-02-15 10:47:54 | access to /balabala 
1676454548 | 2023-02-15 10:49:08 | access to /balabala 
1676454555 | 2023-02-15 10:49:15 | access to /balabala 
1676454608 | 2023-02-15 10:50:08 | access to /balabala 
1676454629 | 2023-02-15 10:50:29 | access to /balabala 
1676454651 | 2023-02-15 10:50:51 | access to /balabala 
1676454700 | 2023-02-15 10:51:40 | access to /balabala 
1676454735 | 2023-02-15 10:52:15 | access to /balabala 
1676454764 | 2023-02-15 10:52:44 | access to /balabala 
1676454781 | 2023-02-15 10:53:01 | access to /balabala 
1676454803 | 2023-02-15 10:53:23 | access to /balabala 
1676454817 | 2023-02-15 10:53:37 | access to /balabala 
1676454832 | 2023-02-15 10:53:52 | access to /balabala 
1676454846 | 2023-02-15 10:54:06 | access to /balabala 
1676454920 | 2023-02-15 10:55:20 | access to /balabala 
1676454983 | 2023-02-15 10:56:23 | access to /balabala 
1676454985 | 2023-02-15 10:56:25 | access to /balabala 
1676454985 | 2023-02-15 10:56:25 | access to /balabala 
1676454985 | 2023-02-15 10:56:25 | access to /balabala 
1676454990 | 2023-02-15 10:56:30 | access to /balabala/864 
1676455025 | 2023-02-15 10:57:05 | access to /balabala/864 
